2023-12-21T12:48:50.520+05:30  INFO 14452 --- [restartedMain] c.s.demo.SpringbootCrudJpaApplication    : Starting SpringbootCrudJpaApplication using Java 17.0.8 with PID 14452 (D:\Workspace-3\SpringbootCRUD_JPA\target\classes started by NEW in D:\Workspace-3\SpringbootCRUD_JPA)
2023-12-21T12:48:50.520+05:30  INFO 14452 --- [restartedMain] c.s.demo.SpringbootCrudJpaApplication    : No active profile set, falling back to 1 default profile: "default"
2023-12-21T12:48:50.747+05:30  INFO 14452 --- [restartedMain] .s.d.r.c.RepositoryConfigurationDelegate : Bootstrapping Spring Data JPA repositories in DEFAULT mode.
2023-12-21T12:48:50.757+05:30  INFO 14452 --- [restartedMain] .s.d.r.c.RepositoryConfigurationDelegate : Finished Spring Data repository scanning in 8 ms. Found 1 JPA repository interface.
2023-12-21T12:48:50.915+05:30  INFO 14452 --- [restartedMain] o.s.b.w.embedded.tomcat.TomcatWebServer  : Tomcat initialized with port 8082 (http)
2023-12-21T12:48:50.916+05:30  INFO 14452 --- [restartedMain] o.apache.catalina.core.StandardService   : Starting service [Tomcat]
2023-12-21T12:48:50.916+05:30  INFO 14452 --- [restartedMain] o.apache.catalina.core.StandardEngine    : Starting Servlet engine: [Apache Tomcat/10.1.16]
2023-12-21T12:48:50.936+05:30  INFO 14452 --- [restartedMain] o.a.c.c.C.[Tomcat].[localhost].[/]       : Initializing Spring embedded WebApplicationContext
2023-12-21T12:48:50.937+05:30  INFO 14452 --- [restartedMain] w.s.c.ServletWebServerApplicationContext : Root WebApplicationContext: initialization completed in 412 ms
2023-12-21T12:48:50.978+05:30  INFO 14452 --- [restartedMain] o.hibernate.jpa.internal.util.LogHelper  : HHH000204: Processing PersistenceUnitInfo [name: default]
2023-12-21T12:48:50.981+05:30  INFO 14452 --- [restartedMain] o.h.c.internal.RegionFactoryInitiator    : HHH000026: Second-level cache disabled
2023-12-21T12:48:50.988+05:30  INFO 14452 --- [restartedMain] o.s.o.j.p.SpringPersistenceUnitInfo      : No LoadTimeWeaver setup: ignoring JPA class transformer
2023-12-21T12:48:50.989+05:30  INFO 14452 --- [restartedMain] com.zaxxer.hikari.HikariDataSource       : HikariPool-2 - Starting...
2023-12-21T12:48:51.009+05:30  INFO 14452 --- [restartedMain] com.zaxxer.hikari.pool.HikariPool        : HikariPool-2 - Added connection com.mysql.cj.jdbc.ConnectionImpl@5e1b8aad
2023-12-21T12:48:51.010+05:30  INFO 14452 --- [restartedMain] com.zaxxer.hikari.HikariDataSource       : HikariPool-2 - Start completed.
2023-12-21T12:48:51.011+05:30  WARN 14452 --- [restartedMain] org.hibernate.orm.deprecation            : HHH90000025: MySQL8Dialect does not need to be specified explicitly using 'hibernate.dialect' (remove the property setting and it will be selected by default)
2023-12-21T12:48:51.011+05:30  WARN 14452 --- [restartedMain] org.hibernate.orm.deprecation            : HHH90000026: MySQL8Dialect has been deprecated; use org.hibernate.dialect.MySQLDialect instead
2023-12-21T12:48:51.052+05:30  INFO 14452 --- [restartedMain] o.h.e.t.j.p.i.JtaPlatformInitiator       : HHH000489: No JTA platform available (set 'hibernate.transaction.jta.platform' to enable JTA platform integration)
2023-12-21T12:48:51.063+05:30  INFO 14452 --- [restartedMain] j.LocalContainerEntityManagerFactoryBean : Initialized JPA EntityManagerFactory for persistence unit 'default'
2023-12-21T12:48:51.147+05:30  WARN 14452 --- [restartedMain] JpaBaseConfiguration$JpaWebConfiguration : spring.jpa.open-in-view is enabled by default. Therefore, database queries may be performed during view rendering. Explicitly configure spring.jpa.open-in-view to disable this warning
2023-12-21T12:48:51.305+05:30  INFO 14452 --- [restartedMain] o.s.b.d.a.OptionalLiveReloadServer       : LiveReload server is running on port 35729
2023-12-21T12:48:51.319+05:30  INFO 14452 --- [restartedMain] o.s.b.w.embedded.tomcat.TomcatWebServer  : Tomcat started on port 8082 (http) with context path ''
2023-12-21T12:48:51.328+05:30  INFO 14452 --- [restartedMain] c.s.demo.SpringbootCrudJpaApplication    : Started SpringbootCrudJpaApplication in 0.863 seconds (process running for 176.906)
2023-12-21T12:48:51.330+05:30  INFO 14452 --- [restartedMain] .ConditionEvaluationDeltaLoggingListener : Condition evaluation unchanged
2023-12-21T12:49:28.249+05:30  INFO 14452 --- [File Watcher] rtingClassPathChangeChangedEventListener : Restarting due to 1 class path change (1 addition, 0 deletions, 0 modifications)
2023-12-21T12:49:28.297+05:30  INFO 14452 --- [Thread-7] j.LocalContainerEntityManagerFactoryBean : Closing JPA EntityManagerFactory for persistence unit 'default'
2023-12-21T12:49:28.299+05:30  INFO 14452 --- [Thread-7] com.zaxxer.hikari.HikariDataSource       : HikariPool-2 - Shutdown initiated...
2023-12-21T12:49:28.308+05:30  INFO 14452 --- [Thread-7] com.zaxxer.hikari.HikariDataSource       : HikariPool-2 - Shutdown completed.
2023-12-21T12:49:28.418+05:30  INFO 14452 --- [restartedMain] c.s.demo.SpringbootCrudJpaApplication    : Starting SpringbootCrudJpaApplication using Java 17.0.8 with PID 14452 (D:\Workspace-3\SpringbootCRUD_JPA\target\classes started by NEW in D:\Workspace-3\SpringbootCRUD_JPA)
2023-12-21T12:49:28.418+05:30  INFO 14452 --- [restartedMain] c.s.demo.SpringbootCrudJpaApplication    : No active profile set, falling back to 1 default profile: "default"
2023-12-21T12:49:28.589+05:30  INFO 14452 --- [restartedMain] .s.d.r.c.RepositoryConfigurationDelegate : Bootstrapping Spring Data JPA repositories in DEFAULT mode.
2023-12-21T12:49:28.597+05:30  INFO 14452 --- [restartedMain] .s.d.r.c.RepositoryConfigurationDelegate : Finished Spring Data repository scanning in 6 ms. Found 1 JPA repository interface.
2023-12-21T12:49:28.716+05:30  INFO 14452 --- [restartedMain] o.s.b.w.embedded.tomcat.TomcatWebServer  : Tomcat initialized with port 8082 (http)
2023-12-21T12:49:28.717+05:30  INFO 14452 --- [restartedMain] o.apache.catalina.core.StandardService   : Starting service [Tomcat]
2023-12-21T12:49:28.717+05:30  INFO 14452 --- [restartedMain] o.apache.catalina.core.StandardEngine    : Starting Servlet engine: [Apache Tomcat/10.1.16]
2023-12-21T12:49:28.743+05:30  INFO 14452 --- [restartedMain] o.a.c.c.C.[Tomcat].[localhost].[/]       : Initializing Spring embedded WebApplicationContext
2023-12-21T12:49:28.743+05:30  INFO 14452 --- [restartedMain] w.s.c.ServletWebServerApplicationContext : Root WebApplicationContext: initialization completed in 323 ms
2023-12-21T12:49:28.793+05:30  INFO 14452 --- [restartedMain] o.hibernate.jpa.internal.util.LogHelper  : HHH000204: Processing PersistenceUnitInfo [name: default]
2023-12-21T12:49:28.797+05:30  INFO 14452 --- [restartedMain] o.h.c.internal.RegionFactoryInitiator    : HHH000026: Second-level cache disabled
2023-12-21T12:49:28.803+05:30  INFO 14452 --- [restartedMain] o.s.o.j.p.SpringPersistenceUnitInfo      : No LoadTimeWeaver setup: ignoring JPA class transformer
2023-12-21T12:49:28.804+05:30  INFO 14452 --- [restartedMain] com.zaxxer.hikari.HikariDataSource       : HikariPool-3 - Starting...
2023-12-21T12:49:28.820+05:30  INFO 14452 --- [restartedMain] com.zaxxer.hikari.pool.HikariPool        : HikariPool-3 - Added connection com.mysql.cj.jdbc.ConnectionImpl@5b5af880
2023-12-21T12:49:28.821+05:30  INFO 14452 --- [restartedMain] com.zaxxer.hikari.HikariDataSource       : HikariPool-3 - Start completed.
2023-12-21T12:49:28.821+05:30  WARN 14452 --- [restartedMain] org.hibernate.orm.deprecation            : HHH90000025: MySQL8Dialect does not need to be specified explicitly using 'hibernate.dialect' (remove the property setting and it will be selected by default)
2023-12-21T12:49:28.821+05:30  WARN 14452 --- [restartedMain] org.hibernate.orm.deprecation            : HHH90000026: MySQL8Dialect has been deprecated; use org.hibernate.dialect.MySQLDialect instead
2023-12-21T12:49:28.846+05:30  INFO 14452 --- [restartedMain] o.h.e.t.j.p.i.JtaPlatformInitiator       : HHH000489: No JTA platform available (set 'hibernate.transaction.jta.platform' to enable JTA platform integration)
2023-12-21T12:49:28.860+05:30  INFO 14452 --- [restartedMain] j.LocalContainerEntityManagerFactoryBean : Initialized JPA EntityManagerFactory for persistence unit 'default'
2023-12-21T12:49:28.931+05:30  WARN 14452 --- [restartedMain] JpaBaseConfiguration$JpaWebConfiguration : spring.jpa.open-in-view is enabled by default. Therefore, database queries may be performed during view rendering. Explicitly configure spring.jpa.open-in-view to disable this warning
2023-12-21T12:49:29.071+05:30  INFO 14452 --- [restartedMain] o.s.b.d.a.OptionalLiveReloadServer       : LiveReload server is running on port 35729
2023-12-21T12:49:29.088+05:30  INFO 14452 --- [restartedMain] o.s.b.w.embedded.tomcat.TomcatWebServer  : Tomcat started on port 8082 (http) with context path ''
2023-12-21T12:49:29.092+05:30  INFO 14452 --- [restartedMain] c.s.demo.SpringbootCrudJpaApplication    : Started SpringbootCrudJpaApplication in 0.712 seconds (process running for 214.671)
2023-12-21T12:49:29.094+05:30  INFO 14452 --- [restartedMain] .ConditionEvaluationDeltaLoggingListener : Condition evaluation unchanged
2023-12-21T12:51:02.261+05:30  INFO 14452 --- [File Watcher] rtingClassPathChangeChangedEventListener : Restarting due to 1 class path change (0 additions, 0 deletions, 1 modification)
2023-12-21T12:51:02.283+05:30  INFO 14452 --- [Thread-11] j.LocalContainerEntityManagerFactoryBean : Closing JPA EntityManagerFactory for persistence unit 'default'
2023-12-21T12:51:02.285+05:30  INFO 14452 --- [Thread-11] com.zaxxer.hikari.HikariDataSource       : HikariPool-3 - Shutdown initiated...
2023-12-21T12:51:02.296+05:30  INFO 14452 --- [Thread-11] com.zaxxer.hikari.HikariDataSource       : HikariPool-3 - Shutdown completed.
2023-12-21T12:51:02.416+05:30  INFO 14452 --- [restartedMain] c.s.demo.SpringbootCrudJpaApplication    : Starting SpringbootCrudJpaApplication using Java 17.0.8 with PID 14452 (D:\Workspace-3\SpringbootCRUD_JPA\target\classes started by NEW in D:\Workspace-3\SpringbootCRUD_JPA)
2023-12-21T12:51:02.417+05:30  INFO 14452 --- [restartedMain] c.s.demo.SpringbootCrudJpaApplication    : No active profile set, falling back to 1 default profile: "default"
2023-12-21T12:51:02.776+05:30  INFO 14452 --- [restartedMain] .s.d.r.c.RepositoryConfigurationDelegate : Bootstrapping Spring Data JPA repositories in DEFAULT mode.
2023-12-21T12:51:02.787+05:30  INFO 14452 --- [restartedMain] .s.d.r.c.RepositoryConfigurationDelegate : Finished Spring Data repository scanning in 10 ms. Found 1 JPA repository interface.
2023-12-21T12:51:02.977+05:30  INFO 14452 --- [restartedMain] o.s.b.w.embedded.tomcat.TomcatWebServer  : Tomcat initialized with port 8082 (http)
2023-12-21T12:51:02.977+05:30  INFO 14452 --- [restartedMain] o.apache.catalina.core.StandardService   : Starting service [Tomcat]
2023-12-21T12:51:02.979+05:30  INFO 14452 --- [restartedMain] o.apache.catalina.core.StandardEngine    : Starting Servlet engine: [Apache Tomcat/10.1.16]
2023-12-21T12:51:03.009+05:30  INFO 14452 --- [restartedMain] o.a.c.c.C.[Tomcat].[localhost].[/]       : Initializing Spring embedded WebApplicationContext
2023-12-21T12:51:03.021+05:30  INFO 14452 --- [restartedMain] w.s.c.ServletWebServerApplicationContext : Root WebApplicationContext: initialization completed in 601 ms
2023-12-21T12:51:03.115+05:30  INFO 14452 --- [restartedMain] o.hibernate.jpa.internal.util.LogHelper  : HHH000204: Processing PersistenceUnitInfo [name: default]
2023-12-21T12:51:03.121+05:30  INFO 14452 --- [restartedMain] o.h.c.internal.RegionFactoryInitiator    : HHH000026: Second-level cache disabled
2023-12-21T12:51:03.130+05:30  INFO 14452 --- [restartedMain] o.s.o.j.p.SpringPersistenceUnitInfo      : No LoadTimeWeaver setup: ignoring JPA class transformer
2023-12-21T12:51:03.131+05:30  INFO 14452 --- [restartedMain] com.zaxxer.hikari.HikariDataSource       : HikariPool-4 - Starting...
2023-12-21T12:51:03.177+05:30  INFO 14452 --- [restartedMain] com.zaxxer.hikari.pool.HikariPool        : HikariPool-4 - Added connection com.mysql.cj.jdbc.ConnectionImpl@481151be
2023-12-21T12:51:03.178+05:30  INFO 14452 --- [restartedMain] com.zaxxer.hikari.HikariDataSource       : HikariPool-4 - Start completed.
2023-12-21T12:51:03.179+05:30  WARN 14452 --- [restartedMain] org.hibernate.orm.deprecation            : HHH90000025: MySQL8Dialect does not need to be specified explicitly using 'hibernate.dialect' (remove the property setting and it will be selected by default)
2023-12-21T12:51:03.179+05:30  WARN 14452 --- [restartedMain] org.hibernate.orm.deprecation            : HHH90000026: MySQL8Dialect has been deprecated; use org.hibernate.dialect.MySQLDialect instead
2023-12-21T12:51:03.225+05:30  INFO 14452 --- [restartedMain] o.h.e.t.j.p.i.JtaPlatformInitiator       : HHH000489: No JTA platform available (set 'hibernate.transaction.jta.platform' to enable JTA platform integration)
2023-12-21T12:51:03.245+05:30  INFO 14452 --- [restartedMain] j.LocalContainerEntityManagerFactoryBean : Initialized JPA EntityManagerFactory for persistence unit 'default'
2023-12-21T12:51:03.448+05:30  WARN 14452 --- [restartedMain] JpaBaseConfiguration$JpaWebConfiguration : spring.jpa.open-in-view is enabled by default. Therefore, database queries may be performed during view rendering. Explicitly configure spring.jpa.open-in-view to disable this warning
2023-12-21T12:51:03.742+05:30  INFO 14452 --- [restartedMain] o.s.b.d.a.OptionalLiveReloadServer       : LiveReload server is running on port 35729
2023-12-21T12:51:03.771+05:30  INFO 14452 --- [restartedMain] o.s.b.w.embedded.tomcat.TomcatWebServer  : Tomcat started on port 8082 (http) with context path ''
2023-12-21T12:51:03.780+05:30  INFO 14452 --- [restartedMain] c.s.demo.SpringbootCrudJpaApplication    : Started SpringbootCrudJpaApplication in 1.417 seconds (process running for 309.359)
2023-12-21T12:51:03.784+05:30  INFO 14452 --- [restartedMain] .ConditionEvaluationDeltaLoggingListener : Condition evaluation unchanged
2023-12-21T12:52:54.029+05:30  INFO 14452 --- [File Watcher] rtingClassPathChangeChangedEventListener : Restarting due to 1 class path change (0 additions, 0 deletions, 1 modification)
2023-12-21T12:52:54.076+05:30  INFO 14452 --- [Thread-15] j.LocalContainerEntityManagerFactoryBean : Closing JPA EntityManagerFactory for persistence unit 'default'
2023-12-21T12:52:54.078+05:30  INFO 14452 --- [Thread-15] com.zaxxer.hikari.HikariDataSource       : HikariPool-4 - Shutdown initiated...
2023-12-21T12:52:54.089+05:30  INFO 14452 --- [Thread-15] com.zaxxer.hikari.HikariDataSource       : HikariPool-4 - Shutdown completed.
2023-12-21T12:52:54.190+05:30  INFO 14452 --- [restartedMain] c.s.demo.SpringbootCrudJpaApplication    : Starting SpringbootCrudJpaApplication using Java 17.0.8 with PID 14452 (D:\Workspace-3\SpringbootCRUD_JPA\target\classes started by NEW in D:\Workspace-3\SpringbootCRUD_JPA)
2023-12-21T12:52:54.190+05:30  INFO 14452 --- [restartedMain] c.s.demo.SpringbootCrudJpaApplication    : No active profile set, falling back to 1 default profile: "default"
2023-12-21T12:52:54.365+05:30  INFO 14452 --- [restartedMain] .s.d.r.c.RepositoryConfigurationDelegate : Bootstrapping Spring Data JPA repositories in DEFAULT mode.
2023-12-21T12:52:54.372+05:30  INFO 14452 --- [restartedMain] .s.d.r.c.RepositoryConfigurationDelegate : Finished Spring Data repository scanning in 6 ms. Found 1 JPA repository interface.
2023-12-21T12:52:54.465+05:30  INFO 14452 --- [restartedMain] o.s.b.w.embedded.tomcat.TomcatWebServer  : Tomcat initialized with port 8082 (http)
2023-12-21T12:52:54.467+05:30  INFO 14452 --- [restartedMain] o.apache.catalina.core.StandardService   : Starting service [Tomcat]
2023-12-21T12:52:54.467+05:30  INFO 14452 --- [restartedMain] o.apache.catalina.core.StandardEngine    : Starting Servlet engine: [Apache Tomcat/10.1.16]
2023-12-21T12:52:54.483+05:30  INFO 14452 --- [restartedMain] o.a.c.c.C.[Tomcat].[localhost].[/]       : Initializing Spring embedded WebApplicationContext
2023-12-21T12:52:54.484+05:30  INFO 14452 --- [restartedMain] w.s.c.ServletWebServerApplicationContext : Root WebApplicationContext: initialization completed in 292 ms
2023-12-21T12:52:54.517+05:30  INFO 14452 --- [restartedMain] o.hibernate.jpa.internal.util.LogHelper  : HHH000204: Processing PersistenceUnitInfo [name: default]
2023-12-21T12:52:54.520+05:30  INFO 14452 --- [restartedMain] o.h.c.internal.RegionFactoryInitiator    : HHH000026: Second-level cache disabled
2023-12-21T12:52:54.524+05:30  INFO 14452 --- [restartedMain] o.s.o.j.p.SpringPersistenceUnitInfo      : No LoadTimeWeaver setup: ignoring JPA class transformer
2023-12-21T12:52:54.524+05:30  INFO 14452 --- [restartedMain] com.zaxxer.hikari.HikariDataSource       : HikariPool-5 - Starting...
2023-12-21T12:52:54.544+05:30  INFO 14452 --- [restartedMain] com.zaxxer.hikari.pool.HikariPool        : HikariPool-5 - Added connection com.mysql.cj.jdbc.ConnectionImpl@58d84aef
2023-12-21T12:52:54.544+05:30  INFO 14452 --- [restartedMain] com.zaxxer.hikari.HikariDataSource       : HikariPool-5 - Start completed.
2023-12-21T12:52:54.545+05:30  WARN 14452 --- [restartedMain] org.hibernate.orm.deprecation            : HHH90000025: MySQL8Dialect does not need to be specified explicitly using 'hibernate.dialect' (remove the property setting and it will be selected by default)
2023-12-21T12:52:54.545+05:30  WARN 14452 --- [restartedMain] org.hibernate.orm.deprecation            : HHH90000026: MySQL8Dialect has been deprecated; use org.hibernate.dialect.MySQLDialect instead
2023-12-21T12:52:54.565+05:30  INFO 14452 --- [restartedMain] o.h.e.t.j.p.i.JtaPlatformInitiator       : HHH000489: No JTA platform available (set 'hibernate.transaction.jta.platform' to enable JTA platform integration)
2023-12-21T12:52:54.575+05:30  INFO 14452 --- [restartedMain] j.LocalContainerEntityManagerFactoryBean : Initialized JPA EntityManagerFactory for persistence unit 'default'
2023-12-21T12:52:54.640+05:30  WARN 14452 --- [restartedMain] JpaBaseConfiguration$JpaWebConfiguration : spring.jpa.open-in-view is enabled by default. Therefore, database queries may be performed during view rendering. Explicitly configure spring.jpa.open-in-view to disable this warning
2023-12-21T12:52:54.753+05:30  INFO 14452 --- [restartedMain] o.s.b.d.a.OptionalLiveReloadServer       : LiveReload server is running on port 35729
2023-12-21T12:52:54.767+05:30  INFO 14452 --- [restartedMain] o.s.b.w.embedded.tomcat.TomcatWebServer  : Tomcat started on port 8082 (http) with context path ''
2023-12-21T12:52:54.772+05:30  INFO 14452 --- [restartedMain] c.s.demo.SpringbootCrudJpaApplication    : Started SpringbootCrudJpaApplication in 0.614 seconds (process running for 420.35)
2023-12-21T12:52:54.773+05:30  INFO 14452 --- [restartedMain] .ConditionEvaluationDeltaLoggingListener : Condition evaluation unchanged
2023-12-21T12:53:03.667+05:30  INFO 14452 --- [http-nio-8082-exec-2] o.a.c.c.C.[Tomcat].[localhost].[/]       : Initializing Spring DispatcherServlet 'dispatcherServlet'
2023-12-21T12:53:03.667+05:30  INFO 14452 --- [http-nio-8082-exec-2] o.s.web.servlet.DispatcherServlet        : Initializing Servlet 'dispatcherServlet'
2023-12-21T12:53:03.668+05:30  INFO 14452 --- [http-nio-8082-exec-2] o.s.web.servlet.DispatcherServlet        : Completed initialization in 1 ms
2023-12-21T12:53:03.670+05:30  INFO 14452 --- [http-nio-8082-exec-2] com.simplilearn.demo.LogController       : Log Level: INFO
2023-12-21T12:53:03.670+05:30 ERROR 14452 --- [http-nio-8082-exec-2] com.simplilearn.demo.LogController       : Log Level: ERROR
2023-12-21T12:53:03.670+05:30  WARN 14452 --- [http-nio-8082-exec-2] com.simplilearn.demo.LogController       : Log Level: WARN
2023-12-21T12:53:51.165+05:30  INFO 14452 --- [File Watcher] rtingClassPathChangeChangedEventListener : Restarting due to 1 class path change (0 additions, 0 deletions, 1 modification)
2023-12-21T12:53:51.190+05:30  INFO 14452 --- [Thread-19] j.LocalContainerEntityManagerFactoryBean : Closing JPA EntityManagerFactory for persistence unit 'default'
2023-12-21T12:53:51.191+05:30  INFO 14452 --- [Thread-19] com.zaxxer.hikari.HikariDataSource       : HikariPool-5 - Shutdown initiated...
2023-12-21T12:53:51.198+05:30  INFO 14452 --- [Thread-19] com.zaxxer.hikari.HikariDataSource       : HikariPool-5 - Shutdown completed.
